TN:
SF:src\domain\dtos\users\create-user.dto.ts
FNF:0
FNH:0
DA:1,1
DA:2,1
DA:3,1
DA:4,1
DA:5,1
DA:6,1
DA:7,1
DA:8,1
DA:9,1
DA:10,1
DA:11,1
DA:12,1
DA:13,1
DA:14,1
DA:15,1
DA:16,1
DA:17,1
DA:18,1
LF:18
LH:18
BRF:0
BRH:0
end_of_record
TN:
SF:src\domain\dtos\users\index.ts
FN:1,get
FN:2,get
FNF:2
FNH:2
FNDA:5,get
FNDA:4,get
DA:1,1
DA:2,1
LF:2
LH:2
BRDA:1,0,0,5
BRDA:2,1,0,4
BRF:2
BRH:2
end_of_record
TN:
SF:src\domain\dtos\users\login-user.dto.ts
FNF:0
FNH:0
DA:1,1
DA:2,1
DA:3,1
DA:4,1
DA:5,1
DA:6,1
DA:7,1
DA:8,1
DA:9,1
DA:10,1
LF:10
LH:10
BRF:0
BRH:0
end_of_record
TN:
SF:src\infrastructure\use-cases\auth\create-user.ts
FN:17,CreateUserUseCase
FN:22,execute
FNF:2
FNH:2
FNDA:5,CreateUserUseCase
FNDA:2,execute
DA:1,1
DA:2,1
DA:3,1
DA:4,1
DA:5,1
DA:6,1
DA:7,1
DA:8,1
DA:9,1
DA:10,1
DA:11,1
DA:12,1
DA:13,1
DA:14,1
DA:15,1
DA:16,1
DA:17,1
DA:18,5
DA:19,5
DA:20,5
DA:21,1
DA:22,1
DA:23,2
DA:24,2
DA:25,2
DA:26,2
DA:27,2
DA:28,2
DA:29,2
DA:30,2
DA:31,2
DA:32,2
DA:33,2
DA:34,2
DA:35,2
DA:36,1
DA:37,1
DA:38,1
DA:39,1
DA:40,1
DA:41,1
DA:42,1
DA:43,1
DA:44,2
DA:45,1
DA:46,1
DA:47,2
DA:48,0
DA:49,0
DA:50,0
DA:51,2
DA:52,1
LF:52
LH:49
BRDA:17,0,0,5
BRDA:22,1,0,2
BRDA:26,2,0,0
BRDA:35,3,0,1
BRDA:44,4,0,0
BRDA:45,5,0,1
BRDA:47,6,0,0
BRF:7
BRH:4
end_of_record
TN:
SF:src\infrastructure\use-cases\auth\index.ts
FN:1,get
FN:2,get
FN:3,get
FNF:3
FNH:3
FNDA:5,get
FNDA:4,get
FNDA:4,get
DA:1,1
DA:2,1
DA:3,1
LF:3
LH:3
BRDA:1,0,0,5
BRDA:2,1,0,4
BRDA:3,2,0,4
BRF:3
BRH:3
end_of_record
TN:
SF:src\infrastructure\use-cases\auth\login-user.ts
FN:15,LoginUserUseCase
FN:17,execute
FNF:2
FNH:2
FNDA:4,LoginUserUseCase
FNDA:4,execute
DA:1,1
DA:2,1
DA:3,1
DA:4,1
DA:5,1
DA:6,1
DA:7,1
DA:8,1
DA:9,1
DA:10,1
DA:11,1
DA:12,1
DA:13,1
DA:14,1
DA:15,1
DA:16,1
DA:17,1
DA:18,4
DA:19,4
DA:20,4
DA:21,4
DA:22,3
DA:23,3
DA:24,3
DA:25,4
DA:26,2
DA:27,2
DA:28,2
DA:29,2
DA:30,4
DA:31,1
DA:32,1
DA:33,1
DA:34,1
DA:35,1
DA:36,1
DA:37,1
DA:38,1
DA:39,4
DA:40,0
DA:41,0
DA:42,0
DA:43,4
DA:44,1
LF:44
LH:41
BRDA:15,0,0,4
BRDA:17,1,0,4
BRDA:21,2,0,1
BRDA:22,3,0,3
BRDA:25,4,0,1
BRDA:26,5,0,2
BRDA:30,6,0,1
BRDA:39,7,0,0
BRF:8
BRH:7
end_of_record
TN:
SF:src\infrastructure\use-cases\auth\verify-user.ts
FN:8,VerifyUserUseCase
FN:13,execute
FNF:2
FNH:2
FNDA:4,VerifyUserUseCase
FNDA:4,execute
DA:1,1
DA:2,1
DA:3,1
DA:4,1
DA:5,1
DA:6,1
DA:7,1
DA:8,1
DA:9,4
DA:10,4
DA:11,4
DA:12,1
DA:13,1
DA:14,4
DA:15,4
DA:16,4
DA:17,4
DA:18,4
DA:19,3
DA:20,3
DA:21,4
DA:22,2
DA:23,2
DA:24,2
DA:25,4
DA:26,1
DA:27,1
DA:28,4
DA:29,0
DA:30,0
DA:31,0
DA:32,4
DA:33,1
LF:33
LH:30
BRDA:8,0,0,4
BRDA:13,1,0,4
BRDA:18,2,0,1
BRDA:19,3,0,3
BRDA:21,4,0,1
BRDA:22,5,0,2
BRDA:25,6,0,1
BRDA:28,7,0,0
BRF:8
BRH:7
end_of_record
TN:
SF:src\infrastructure\use-cases\email\send-email-verify.ts
FN:8,SendEmailVerify
FN:10,execute
FNF:2
FNH:2
FNDA:1,SendEmailVerify
FNDA:1,execute
DA:1,1
DA:2,1
DA:3,1
DA:4,1
DA:5,1
DA:6,1
DA:7,1
DA:8,1
DA:9,1
DA:10,1
DA:11,1
DA:12,1
DA:13,1
DA:14,1
DA:15,1
DA:16,1
DA:17,1
DA:18,1
DA:19,1
DA:20,1
DA:21,1
DA:22,1
DA:23,1
DA:24,1
DA:25,1
DA:26,0
DA:27,0
DA:28,1
DA:29,1
LF:29
LH:27
BRDA:8,0,0,1
BRDA:10,1,0,1
BRDA:25,2,0,0
BRF:3
BRH:2
end_of_record
TN:
SF:src\presentation\utils\index.ts
FNF:0
FNH:0
DA:1,1
DA:2,1
DA:3,1
LF:3
LH:3
BRF:0
BRH:0
end_of_record
TN:
SF:src\presentation\utils\password.ts
FN:7,GetSalt
FN:11,GetHashedPassword
FN:15,ValidatePassword
FN:19,GetToken
FN:31,VerifyToken
FNF:5
FNH:5
FNDA:2,GetSalt
FNDA:2,GetHashedPassword
FNDA:2,ValidatePassword
FNDA:2,GetToken
FNDA:4,VerifyToken
DA:1,1
DA:2,1
DA:3,1
DA:4,1
DA:5,1
DA:6,1
DA:7,1
DA:8,2
DA:9,2
DA:10,1
DA:11,1
DA:12,2
DA:13,2
DA:14,1
DA:15,1
DA:16,2
DA:17,2
DA:18,1
DA:19,1
DA:20,2
DA:21,2
DA:22,2
DA:23,2
DA:24,2
DA:25,2
DA:26,2
DA:27,2
DA:28,2
DA:29,2
DA:30,1
DA:31,1
DA:32,4
DA:33,4
DA:34,4
DA:35,4
DA:36,4
DA:37,4
DA:38,0
DA:39,0
DA:40,4
DA:41,1
DA:42,1
DA:43,1
DA:44,4
DA:45,1
LF:45
LH:43
BRDA:7,0,0,2
BRDA:11,1,0,2
BRDA:15,2,0,2
BRDA:19,3,0,2
BRDA:31,4,0,4
BRDA:38,5,0,0
BRDA:40,6,0,1
BRF:7
BRH:6
end_of_record
TN:
SF:src\presentation\utils\response.ts
FN:12,formatResponse
FN:34,SuccessResponse
FN:38,ErrorResponse
FNF:3
FNH:3
FNDA:10,formatResponse
FNDA:3,SuccessResponse
FNDA:7,ErrorResponse
DA:1,1
DA:2,1
DA:3,1
DA:4,1
DA:5,1
DA:6,1
DA:7,1
DA:8,1
DA:9,1
DA:10,1
DA:11,1
DA:12,1
DA:13,10
DA:14,3
DA:15,3
DA:16,3
DA:17,3
DA:18,3
DA:19,3
DA:20,3
DA:21,3
DA:22,9
DA:23,7
DA:24,7
DA:25,7
DA:26,7
DA:27,7
DA:28,7
DA:29,7
DA:30,7
DA:31,7
DA:32,10
DA:33,1
DA:34,1
DA:35,3
DA:36,3
DA:37,1
DA:38,1
DA:39,7
DA:40,7
DA:41,1
DA:42,1
DA:43,1
DA:44,1
DA:45,1
DA:46,1
DA:47,1
DA:48,1
DA:49,1
DA:50,6
DA:51,6
DA:52,6
LF:52
LH:52
BRDA:12,0,0,10
BRDA:13,1,0,9
BRDA:13,2,0,3
BRDA:22,3,0,7
BRDA:34,4,0,3
BRDA:38,5,0,7
BRDA:40,6,0,1
BRDA:50,7,0,6
BRDA:42,8,0,1
BRDA:44,9,0,0
BRF:10
BRH:9
end_of_record
TN:
SF:src\presentation\utils\validate.ts
FN:4,AppValidation
FNF:1
FNH:1
FNDA:9,AppValidation
DA:1,1
DA:2,1
DA:3,1
DA:4,1
DA:5,9
DA:6,9
DA:7,9
DA:8,9
DA:9,9
DA:10,5
DA:11,5
DA:12,5
LF:12
LH:12
BRDA:4,0,0,9
BRDA:9,1,0,4
BRDA:10,2,0,5
BRF:3
BRH:3
end_of_record
